<?xml version="1.0" encoding="UTF-8"?>
<!-- Generated by org.testng.reporters.JUnitReportReporter -->
<testsuite hostname="smruti-HP" name="com.auriga.tests.SignInTest" tests="3" failures="0" timestamp="7 May 2015 12:11:27 GMT" time="10.396" errors="0">
  <testcase name="Test" time="7.785" classname="com.auriga.tests.SignInTest"/>
  <testcase name="addSigninDetailsTest" time="2.192" classname="com.auriga.tests.SignInTest"/>
  <testcase name="clickPopUpTest" time="0.419" classname="com.auriga.tests.SignInTest"/>
</testsuite> <!-- com.auriga.tests.SignInTest -->
